TN:
SF:lib/chat-client.ts
FN:55,sendMessage
FN:79,listConversations
FN:100,getConversation
FN:126,createTask
FN:143,getPendingTasks
FN:159,completeTask
FN:176,deleteTask
FN:193,updateTask
FNF:8
FNH:6
FNDA:6,sendMessage
FNDA:2,listConversations
FNDA:1,getConversation
FNDA:1,createTask
FNDA:1,getPendingTasks
FNDA:1,completeTask
FNDA:0,deleteTask
FNDA:0,updateTask
DA:1,1
DA:2,1
DA:3,1
DA:4,1
DA:5,1
DA:6,1
DA:7,1
DA:8,1
DA:9,1
DA:10,1
DA:11,1
DA:12,1
DA:13,1
DA:14,1
DA:15,1
DA:16,1
DA:17,1
DA:18,1
DA:19,1
DA:20,1
DA:21,1
DA:22,1
DA:23,1
DA:24,1
DA:25,1
DA:26,1
DA:27,1
DA:28,1
DA:29,1
DA:30,1
DA:31,1
DA:32,1
DA:33,1
DA:34,1
DA:35,1
DA:36,1
DA:37,1
DA:38,1
DA:39,1
DA:40,1
DA:41,1
DA:42,1
DA:43,1
DA:44,1
DA:45,1
DA:46,1
DA:47,1
DA:48,1
DA:49,1
DA:50,1
DA:51,1
DA:52,1
DA:53,1
DA:54,1
DA:55,1
DA:56,6
DA:57,6
DA:58,6
DA:59,6
DA:60,6
DA:61,6
DA:62,6
DA:63,6
DA:64,6
DA:65,6
DA:66,6
DA:67,6
DA:68,6
DA:69,6
DA:70,1
DA:71,1
DA:72,5
DA:73,5
DA:74,5
DA:75,1
DA:76,1
DA:77,1
DA:78,1
DA:79,1
DA:80,2
DA:81,2
DA:82,2
DA:83,2
DA:84,2
DA:85,2
DA:86,2
DA:87,2
DA:88,2
DA:89,2
DA:90,2
DA:91,0
DA:92,0
DA:93,2
DA:94,2
DA:95,2
DA:96,1
DA:97,1
DA:98,1
DA:99,1
DA:100,1
DA:101,1
DA:102,1
DA:103,1
DA:104,1
DA:105,1
DA:106,1
DA:107,1
DA:108,1
DA:109,1
DA:110,1
DA:111,1
DA:112,1
DA:113,1
DA:114,1
DA:115,1
DA:116,0
DA:117,0
DA:118,1
DA:119,1
DA:120,1
DA:121,1
DA:122,1
DA:123,1
DA:124,1
DA:125,1
DA:126,1
DA:127,1
DA:128,1
DA:129,1
DA:130,1
DA:131,1
DA:132,1
DA:133,1
DA:134,1
DA:135,1
DA:136,1
DA:137,1
DA:138,1
DA:139,1
DA:140,1
DA:141,1
DA:142,1
DA:143,1
DA:144,1
DA:145,1
DA:146,1
DA:147,1
DA:148,1
DA:149,1
DA:150,1
DA:151,1
DA:152,1
DA:153,1
DA:154,1
DA:155,1
DA:156,1
DA:157,1
DA:158,1
DA:159,1
DA:160,1
DA:161,1
DA:162,1
DA:163,1
DA:164,1
DA:165,1
DA:166,1
DA:167,1
DA:168,1
DA:169,1
DA:170,1
DA:171,1
DA:172,1
DA:173,1
DA:174,1
DA:175,1
DA:176,1
DA:177,0
DA:178,0
DA:179,0
DA:180,0
DA:181,0
DA:182,0
DA:183,0
DA:184,0
DA:185,0
DA:186,0
DA:187,0
DA:188,0
DA:189,1
DA:190,1
DA:191,1
DA:192,1
DA:193,1
DA:194,0
DA:195,0
DA:196,0
DA:197,0
DA:198,0
DA:199,0
DA:200,0
DA:201,0
DA:202,0
DA:203,0
DA:204,0
DA:205,0
DA:206,0
DA:207,1
DA:208,1
DA:209,1
DA:210,1
LF:210
LH:181
BRDA:55,0,0,6
BRDA:69,1,0,1
BRDA:71,2,0,5
BRDA:79,3,0,2
BRDA:90,4,0,0
BRDA:100,5,0,1
BRDA:115,6,0,0
BRDA:126,7,0,1
BRDA:143,8,0,1
BRDA:159,9,0,1
BRF:10
BRH:8
end_of_record
TN:
SF:lib/chatkit-config.ts
FN:23,getAuthToken
FN:42,authenticatedFetch
FN:82,getClientSecret
FN:200,onClientTool
FN:222,onReady
FN:229,onError
FN:236,onResponseStart
FN:243,onResponseEnd
FN:250,onThreadChange
FN:269,getChatKitThreadId
FN:277,clearChatKitThread
FN:285,validateChatKitConfig
FNF:12
FNH:11
FNDA:8,getAuthToken
FNDA:8,authenticatedFetch
FNDA:9,getClientSecret
FNDA:1,onClientTool
FNDA:1,onReady
FNDA:1,onError
FNDA:1,onResponseStart
FNDA:0,onResponseEnd
FNDA:2,onThreadChange
FNDA:5,getChatKitThreadId
FNDA:3,clearChatKitThread
FNDA:3,validateChatKitConfig
DA:1,1
DA:2,1
DA:3,1
DA:4,1
DA:5,1
DA:6,1
DA:7,1
DA:8,1
DA:9,1
DA:10,1
DA:11,1
DA:12,1
DA:13,1
DA:14,1
DA:15,1
DA:16,1
DA:17,1
DA:18,1
DA:19,1
DA:20,1
DA:21,1
DA:22,1
DA:23,8
DA:24,8
DA:25,8
DA:26,8
DA:27,8
DA:28,8
DA:29,8
DA:30,8
DA:31,8
DA:32,8
DA:33,8
DA:34,8
DA:35,8
DA:36,8
DA:37,8
DA:38,1
DA:39,1
DA:40,1
DA:41,1
DA:42,8
DA:43,8
DA:44,8
DA:45,8
DA:46,8
DA:47,8
DA:48,8
DA:49,8
DA:50,8
DA:51,8
DA:52,8
DA:53,8
DA:54,0
DA:55,0
DA:56,8
DA:57,8
DA:58,8
DA:59,8
DA:60,8
DA:61,8
DA:62,8
DA:63,8
DA:64,8
DA:65,8
DA:66,1
DA:67,1
DA:68,1
DA:69,1
DA:70,1
DA:71,1
DA:72,1
DA:73,1
DA:74,1
DA:75,1
DA:76,1
DA:77,1
DA:78,1
DA:79,1
DA:80,1
DA:81,1
DA:82,1
DA:83,9
DA:84,9
DA:85,1
DA:86,1
DA:87,1
DA:88,8
DA:89,8
DA:90,8
DA:91,8
DA:92,8
DA:93,8
DA:94,8
DA:95,8
DA:96,8
DA:97,7
DA:98,9
DA:99,1
DA:100,0
DA:101,0
DA:102,6
DA:103,6
DA:104,6
DA:105,6
DA:106,6
DA:107,6
DA:108,6
DA:109,6
DA:110,9
DA:111,0
DA:112,0
DA:113,6
DA:114,6
DA:115,9
DA:116,2
DA:117,2
DA:118,2
DA:119,9
DA:120,1
DA:121,1
DA:122,1
DA:123,1
DA:124,1
DA:125,1
DA:126,1
DA:127,1
DA:128,1
DA:129,1
DA:130,1
DA:131,1
DA:132,1
DA:133,1
DA:134,1
DA:135,1
DA:136,1
DA:137,1
DA:138,1
DA:139,1
DA:140,1
DA:141,1
DA:142,1
DA:143,1
DA:144,1
DA:145,1
DA:146,1
DA:147,1
DA:148,1
DA:149,1
DA:150,1
DA:151,1
DA:152,1
DA:153,1
DA:154,1
DA:155,1
DA:156,1
DA:157,1
DA:158,1
DA:159,1
DA:160,1
DA:161,1
DA:162,1
DA:163,1
DA:164,1
DA:165,1
DA:166,1
DA:167,1
DA:168,1
DA:169,1
DA:170,1
DA:171,1
DA:172,1
DA:173,1
DA:174,1
DA:175,1
DA:176,1
DA:177,1
DA:178,1
DA:179,1
DA:180,1
DA:181,1
DA:182,1
DA:183,1
DA:184,1
DA:185,1
DA:186,1
DA:187,1
DA:188,1
DA:189,1
DA:190,1
DA:191,1
DA:192,1
DA:193,1
DA:194,1
DA:195,1
DA:196,1
DA:197,1
DA:198,1
DA:199,1
DA:200,1
DA:201,1
DA:202,1
DA:203,1
DA:204,1
DA:205,1
DA:206,1
DA:207,1
DA:208,1
DA:209,1
DA:210,0
DA:211,0
DA:212,0
DA:213,1
DA:214,1
DA:215,0
DA:216,1
DA:217,0
DA:218,1
DA:219,1
DA:220,1
DA:221,1
DA:222,1
DA:223,1
DA:224,1
DA:225,1
DA:226,1
DA:227,1
DA:228,1
DA:229,1
DA:230,1
DA:231,1
DA:232,1
DA:233,1
DA:234,1
DA:235,1
DA:236,1
DA:237,1
DA:238,1
DA:239,1
DA:240,1
DA:241,1
DA:242,1
DA:243,1
DA:244,0
DA:245,0
DA:246,1
DA:247,1
DA:248,1
DA:249,1
DA:250,1
DA:251,2
DA:252,2
DA:253,2
DA:254,1
DA:255,1
DA:256,2
DA:257,1
DA:258,1
DA:259,1
DA:260,1
DA:261,1
DA:262,1
DA:263,1
DA:264,1
DA:265,1
DA:266,1
DA:267,1
DA:268,1
DA:269,1
DA:270,5
DA:271,5
DA:272,5
DA:273,1
DA:274,1
DA:275,1
DA:276,1
DA:277,1
DA:278,3
DA:279,3
DA:280,3
DA:281,1
DA:282,1
DA:283,1
DA:284,1
DA:285,1
DA:286,3
DA:287,3
DA:288,3
DA:289,3
DA:290,3
DA:291,3
DA:292,0
DA:293,0
DA:294,3
DA:295,3
DA:296,3
DA:297,3
DA:298,0
DA:299,0
DA:300,3
DA:301,3
DA:302,3
DA:303,3
DA:304,3
DA:305,3
DA:306,3
DA:307,3
DA:308,3
DA:309,3
DA:310,3
DA:311,3
LF:311
LH:294
BRDA:23,0,0,8
BRDA:26,1,0,0
BRDA:30,2,0,0
BRDA:34,3,0,0
BRDA:42,4,0,8
BRDA:50,5,0,0
BRDA:53,6,0,0
BRDA:82,7,0,9
BRDA:84,8,0,1
BRDA:87,9,0,8
BRDA:96,10,0,7
BRDA:98,11,0,1
BRDA:99,12,0,0
BRDA:101,13,0,6
BRDA:110,14,0,0
BRDA:112,15,0,6
BRDA:115,16,0,2
BRDA:200,17,0,1
BRDA:209,18,0,0
BRDA:214,19,0,0
BRDA:216,20,0,0
BRDA:222,21,0,1
BRDA:229,22,0,1
BRDA:236,23,0,1
BRDA:250,24,0,2
BRDA:253,25,0,1
BRDA:269,26,0,5
BRDA:270,27,0,0
BRDA:277,28,0,3
BRDA:278,29,0,0
BRDA:285,30,0,3
BRDA:291,31,0,0
BRDA:297,32,0,0
BRF:33
BRH:19
end_of_record
